25-04-2023 17-38-04 : INFO : App started
25-04-2023 17-38-50 : INFO : App started
25-04-2023 17-39-12 : INFO : AUTH command handled
25-04-2023 17-39-16 : INFO : Get user id success
25-04-2023 17-39-16 : INFO : Get user by id success
25-04-2023 17-39-16 : INFO : User authorization success
25-04-2023 17-39-16 : INFO : Get user id success
25-04-2023 17-39-42 : INFO : VIEW_CLIENT command handled
25-04-2023 17-39-42 : WARNING : Failed access attempt to command
25-04-2023 17-40-01 : INFO : VIEW_ALL_CLIENTS command handled
25-04-2023 17-40-01 : WARNING : Failed access attempt to command
25-04-2023 17-40-05 : INFO : VIEW_ALL_PRODUCTS command handled
25-04-2023 17-40-05 : INFO : Get all products success
25-04-2023 17-40-26 : INFO : VIEW_ALL_BANKS command handled
25-04-2023 17-40-26 : INFO : Get all banks success
25-04-2023 17-40-31 : INFO : CONFIRM_REQUEST command handled
25-04-2023 17-40-31 : WARNING : Failed access attempt to command
25-04-2023 17-41-19 : INFO : App exited
25-04-2023 17-41-23 : INFO : App started
25-04-2023 17-41-25 : INFO : AUTH command handled
25-04-2023 17-41-35 : INFO : Get user id success
25-04-2023 17-41-35 : INFO : Get user by id success
25-04-2023 17-41-35 : INFO : User authorization success
25-04-2023 17-41-35 : INFO : Get user id success
25-04-2023 17-41-35 : INFO : Get all managers success
25-04-2023 17-41-50 : INFO : VIEW_ALL_CLIENTS command handled
25-04-2023 17-41-50 : INFO : Get all clients success
25-04-2023 17-41-54 : INFO : VIEW_ALL_REQUESTS command handled
25-04-2023 17-41-54 : INFO : Get all requests success
25-04-2023 17-41-59 : INFO : CONFIRM_REQUEST command handled
25-04-2023 17-42-01 : INFO : Get request success
25-04-2023 17-42-01 : ERROR : Confirm request error (state of request is not OPENED)
25-04-2023 17-42-22 : INFO : UN_AUTH command handled
25-04-2023 17-42-23 : INFO : UN_AUTH command handled
25-04-2023 17-42-23 : WARNING : Failed access attempt to command
25-04-2023 17-45-10 : INFO : App exited
