25-04-2023 17-38-04 : INFO : App started
25-04-2023 17-38-50 : INFO : App started
25-04-2023 17-39-12 : INFO : AUTH command handled
25-04-2023 17-39-16 : INFO : Get user id success
25-04-2023 17-39-16 : INFO : Get user by id success
25-04-2023 17-39-16 : INFO : User authorization success
25-04-2023 17-39-16 : INFO : Get user id success
25-04-2023 17-39-42 : INFO : VIEW_CLIENT command handled
25-04-2023 17-39-42 : WARNING : Failed access attempt to command
25-04-2023 17-40-01 : INFO : VIEW_ALL_CLIENTS command handled
25-04-2023 17-40-01 : WARNING : Failed access attempt to command
25-04-2023 17-40-05 : INFO : VIEW_ALL_PRODUCTS command handled
25-04-2023 17-40-05 : INFO : Get all products success
25-04-2023 17-40-26 : INFO : VIEW_ALL_BANKS command handled
25-04-2023 17-40-26 : INFO : Get all banks success
25-04-2023 17-40-31 : INFO : CONFIRM_REQUEST command handled
25-04-2023 17-40-31 : WARNING : Failed access attempt to command
25-04-2023 17-41-19 : INFO : App exited
25-04-2023 17-41-23 : INFO : App started
25-04-2023 17-41-25 : INFO : AUTH command handled
25-04-2023 17-41-35 : INFO : Get user id success
25-04-2023 17-41-35 : INFO : Get user by id success
25-04-2023 17-41-35 : INFO : User authorization success
25-04-2023 17-41-35 : INFO : Get user id success
25-04-2023 17-41-35 : INFO : Get all managers success
25-04-2023 17-41-50 : INFO : VIEW_ALL_CLIENTS command handled
25-04-2023 17-41-50 : INFO : Get all clients success
25-04-2023 17-41-54 : INFO : VIEW_ALL_REQUESTS command handled
25-04-2023 17-41-54 : INFO : Get all requests success
25-04-2023 17-41-59 : INFO : CONFIRM_REQUEST command handled
25-04-2023 17-42-01 : INFO : Get request success
25-04-2023 17-42-01 : ERROR : Confirm request error (state of request is not OPENED)
25-04-2023 17-42-22 : INFO : UN_AUTH command handled
25-04-2023 17-42-23 : INFO : UN_AUTH command handled
25-04-2023 17-42-23 : WARNING : Failed access attempt to command
25-04-2023 17-45-10 : INFO : App exited
29-04-2023 14-14-04 : INFO : App started
29-04-2023 14-16-11 : INFO : App started
29-04-2023 14-16-16 : INFO : VIEW_ALL_BANKS command handled
29-04-2023 14-16-16 : INFO : Get all banks success
29-04-2023 14-16-19 : INFO : App exited
29-04-2023 14-17-08 : INFO : App started
29-04-2023 14-17-10 : INFO : App exited
29-04-2023 14-29-34 : INFO : App started
29-04-2023 14-29-35 : INFO : App exited
29-04-2023 14-30-12 : INFO : App started
29-04-2023 14-30-15 : INFO : App exited
29-04-2023 14-35-05 : INFO : App started
29-04-2023 14-35-08 : INFO : App exited
29-04-2023 14-35-45 : INFO : App started
29-04-2023 14-35-47 : INFO : App exited
29-04-2023 14-37-46 : INFO : App started
29-04-2023 14-37-48 : INFO : App exited
29-04-2023 14-38-04 : INFO : App started
29-04-2023 14-38-08 : INFO : ADD_MANAGER command handled
29-04-2023 14-38-08 : WARN : Failed access attempt to command
29-04-2023 14-42-21 : INFO : App exited
29-04-2023 14-45-08 : INFO : App started
29-04-2023 14-46-43 : INFO : App exited
29-04-2023 14-50-15 : INFO : App started
29-04-2023 14-50-17 : INFO : App exited
30-04-2023 17-45-43 : INFO : App started
30-04-2023 17-49-55 : INFO : AUTH command handled
30-04-2023 17-50-02 : INFO : Get user id success
30-04-2023 17-50-02 : INFO : Get user by id success
30-04-2023 17-50-02 : INFO : User authorization success
30-04-2023 17-50-02 : INFO : Get user id success
30-04-2023 17-50-23 : INFO : VIEW_ALL_BANKS command handled
30-04-2023 17-50-23 : INFO : Get all banks success
30-04-2023 17-56-11 : INFO : App exited
30-04-2023 17-57-11 : INFO : App started
30-04-2023 17-57-13 : INFO : AUTH command handled
30-04-2023 17-57-16 : ERROR : User authorization failed
30-04-2023 17-57-21 : INFO : AUTH command handled
30-04-2023 17-57-26 : INFO : Get user id success
30-04-2023 17-57-26 : INFO : Get user by id success
30-04-2023 17-57-26 : INFO : User authorization success
30-04-2023 17-57-26 : INFO : Get user id success
30-04-2023 17-57-28 : INFO : VIEW_ALL_BANKS command handled
30-04-2023 17-57-28 : INFO : Get all banks success
30-04-2023 21-17-59 : INFO : App exited
06-05-2023 12-35-27 : INFO : App started
06-05-2023 12-35-32 : INFO : App exited
